2025-07-02 18:56:32,268 - NCSNpp(
  (act): SiLU()
  (time_embed): GaussianFourierProjection()
  (time_mlp): Sequential(
    (0): Linear(in_features=128, out_features=256, bias=True)
    (1): SiLU()
    (2): Linear(in_features=256, out_features=256, bias=True)
  )
  (label_emb): Linear(in_features=1, out_features=256, bias=True)
  (input_conv): Conv2d(1, 64, kernel_size=(3, 3), stride=(1, 1), padding=(1, 1))
  (down_blocks): ModuleList(
    (0-1): 2 x ResnetBlockDDPMpp(
      (GroupNorm_0): GroupNorm(16, 64, eps=1e-06, affine=True)
      (Conv_0): Conv2d(64, 64, kernel_size=(3, 3), stride=(1, 1), padding=(1, 1))
      (Dense_0): Linear(in_features=256, out_features=64, bias=True)
      (GroupNorm_1): GroupNorm(16, 64, eps=1e-06, affine=True)
      (Dropout_0): Dropout(p=0.1, inplace=False)
      (Conv_1): Conv2d(64, 64, kernel_size=(3, 3), stride=(1, 1), padding=(1, 1))
      (act): SiLU()
    )
    (2): ResnetBlockDDPMpp(
      (GroupNorm_0): GroupNorm(16, 64, eps=1e-06, affine=True)
      (Conv_0): Conv2d(64, 128, kernel_size=(3, 3), stride=(1, 1), padding=(1, 1))
      (Dense_0): Linear(in_features=256, out_features=128, bias=True)
      (GroupNorm_1): GroupNorm(32, 128, eps=1e-06, affine=True)
      (Dropout_0): Dropout(p=0.1, inplace=False)
      (Conv_1): Conv2d(128, 128, kernel_size=(3, 3), stride=(1, 1), padding=(1, 1))
      (NIN_0): NIN()
      (act): SiLU()
    )
    (3-5): 3 x ResnetBlockDDPMpp(
      (GroupNorm_0): GroupNorm(32, 128, eps=1e-06, affine=True)
      (Conv_0): Conv2d(128, 128, kernel_size=(3, 3), stride=(1, 1), padding=(1, 1))
      (Dense_0): Linear(in_features=256, out_features=128, bias=True)
      (GroupNorm_1): GroupNorm(32, 128, eps=1e-06, affine=True)
      (Dropout_0): Dropout(p=0.1, inplace=False)
      (Conv_1): Conv2d(128, 128, kernel_size=(3, 3), stride=(1, 1), padding=(1, 1))
      (act): SiLU()
    )
  )
  (down_attn): ModuleList(
    (0-1): 2 x AttnBlockpp(
      (GroupNorm_0): GroupNorm(16, 64, eps=1e-06, affine=True)
      (NIN_0): NIN()
      (NIN_1): NIN()
      (NIN_2): NIN()
      (NIN_3): NIN()
    )
    (2-5): 4 x None
  )
  (downsample): ModuleList(
    (0): Downsample(
      (Conv_0): Conv2d(64, 64, kernel_size=(3, 3), stride=(2, 2))
    )
    (1): Downsample(
      (Conv_0): Conv2d(128, 128, kernel_size=(3, 3), stride=(2, 2))
    )
    (2): None
  )
  (mid_block1): ResnetBlockDDPMpp(
    (GroupNorm_0): GroupNorm(32, 128, eps=1e-06, affine=True)
    (Conv_0): Conv2d(128, 128, kernel_size=(3, 3), stride=(1, 1), padding=(1, 1))
    (Dense_0): Linear(in_features=256, out_features=128, bias=True)
    (GroupNorm_1): GroupNorm(32, 128, eps=1e-06, affine=True)
    (Dropout_0): Dropout(p=0.1, inplace=False)
    (Conv_1): Conv2d(128, 128, kernel_size=(3, 3), stride=(1, 1), padding=(1, 1))
    (act): SiLU()
  )
  (mid_block2): ResnetBlockDDPMpp(
    (GroupNorm_0): GroupNorm(32, 128, eps=1e-06, affine=True)
    (Conv_0): Conv2d(128, 128, kernel_size=(3, 3), stride=(1, 1), padding=(1, 1))
    (Dense_0): Linear(in_features=256, out_features=128, bias=True)
    (GroupNorm_1): GroupNorm(32, 128, eps=1e-06, affine=True)
    (Dropout_0): Dropout(p=0.1, inplace=False)
    (Conv_1): Conv2d(128, 128, kernel_size=(3, 3), stride=(1, 1), padding=(1, 1))
    (act): SiLU()
  )
  (up_blocks): ModuleList(
    (0-5): 6 x ResnetBlockDDPMpp(
      (GroupNorm_0): GroupNorm(32, 256, eps=1e-06, affine=True)
      (Conv_0): Conv2d(256, 128, kernel_size=(3, 3), stride=(1, 1), padding=(1, 1))
      (Dense_0): Linear(in_features=256, out_features=128, bias=True)
      (GroupNorm_1): GroupNorm(32, 128, eps=1e-06, affine=True)
      (Dropout_0): Dropout(p=0.1, inplace=False)
      (Conv_1): Conv2d(128, 128, kernel_size=(3, 3), stride=(1, 1), padding=(1, 1))
      (NIN_0): NIN()
      (act): SiLU()
    )
    (6): ResnetBlockDDPMpp(
      (GroupNorm_0): GroupNorm(32, 192, eps=1e-06, affine=True)
      (Conv_0): Conv2d(192, 64, kernel_size=(3, 3), stride=(1, 1), padding=(1, 1))
      (Dense_0): Linear(in_features=256, out_features=64, bias=True)
      (GroupNorm_1): GroupNorm(16, 64, eps=1e-06, affine=True)
      (Dropout_0): Dropout(p=0.1, inplace=False)
      (Conv_1): Conv2d(64, 64, kernel_size=(3, 3), stride=(1, 1), padding=(1, 1))
      (NIN_0): NIN()
      (act): SiLU()
    )
    (7-8): 2 x ResnetBlockDDPMpp(
      (GroupNorm_0): GroupNorm(32, 128, eps=1e-06, affine=True)
      (Conv_0): Conv2d(128, 64, kernel_size=(3, 3), stride=(1, 1), padding=(1, 1))
      (Dense_0): Linear(in_features=256, out_features=64, bias=True)
      (GroupNorm_1): GroupNorm(16, 64, eps=1e-06, affine=True)
      (Dropout_0): Dropout(p=0.1, inplace=False)
      (Conv_1): Conv2d(64, 64, kernel_size=(3, 3), stride=(1, 1), padding=(1, 1))
      (NIN_0): NIN()
      (act): SiLU()
    )
  )
  (up_attn): ModuleList(
    (0-5): 6 x None
    (6-8): 3 x AttnBlockpp(
      (GroupNorm_0): GroupNorm(16, 64, eps=1e-06, affine=True)
      (NIN_0): NIN()
      (NIN_1): NIN()
      (NIN_2): NIN()
      (NIN_3): NIN()
    )
  )
  (upsample): ModuleList(
    (0-1): 2 x Upsample(
      (Conv_0): Conv2d(128, 128, kernel_size=(3, 3), stride=(1, 1), padding=(1, 1))
    )
    (2): None
  )
  (out_norm): GroupNorm(16, 64, eps=1e-06, affine=True)
  (out_act): SiLU()
  (out_conv): Conv2d(64, 1, kernel_size=(3, 3), stride=(1, 1), padding=(1, 1))
)
2025-07-02 18:56:32,270 - EMA: <models.ema.ExponentialMovingAverage object at 0x168e24fd0>
2025-07-02 18:56:32,270 - Optimizer: Adam (
Parameter Group 0
    amsgrad: False
    betas: (0.9, 0.999)
    capturable: False
    differentiable: False
    eps: 1e-08
    foreach: None
    fused: None
    lr: 0.0002
    maximize: False
    weight_decay: 0
)
2025-07-02 18:56:32,270 - Scaler: None.
2025-07-02 18:56:32,270 - No checkpoint found at runs/GTOHaloImage/2025.07.02/185632/checkpoints-meta/checkpoint.pth. Returned the same state as input
2025-07-02 18:56:32,293 - Starting training loop at step 0.
2025-07-02 18:56:33,356 - step: 0, training_loss: 1.81734e+01
2025-07-02 18:56:33,764 - step: 0, evaluation_loss: 1.89192e+01
2025-07-02 18:57:24,931 - step: 50, training_loss: 2.16420e+01
2025-07-02 18:58:17,034 - step: 100, training_loss: 1.58412e+01
2025-07-02 18:58:17,483 - step: 100, evaluation_loss: 1.88643e+01
2025-07-02 18:59:09,741 - step: 150, training_loss: 1.64628e+01
2025-07-02 19:00:01,329 - step: 200, training_loss: 1.69847e+01
2025-07-02 19:00:01,747 - step: 200, evaluation_loss: 1.79095e+01
2025-07-02 19:00:53,043 - step: 250, training_loss: 2.01240e+01
2025-07-02 19:01:44,236 - step: 300, training_loss: 1.79202e+01
2025-07-02 19:01:44,643 - step: 300, evaluation_loss: 1.73075e+01
