Sat Jul 26 17:57:54 2025       
+-----------------------------------------------------------------------------------------+
| NVIDIA-SMI 575.57.08              Driver Version: 575.57.08      CUDA Version: 12.9     |
|-----------------------------------------+------------------------+----------------------+
| GPU  Name                 Persistence-M | Bus-Id          Disp.A | Volatile Uncorr. ECC |
| Fan  Temp   Perf          Pwr:Usage/Cap |           Memory-Usage | GPU-Util  Compute M. |
|                                         |                        |               MIG M. |
|=========================================+========================+======================|
|   0  NVIDIA A100-PCIE-40GB          On  |   00000000:81:00.0 Off |                    0 |
| N/A   29C    P0             35W /  250W |       0MiB /  40960MiB |      0%      Default |
|                                         |                        |             Disabled |
+-----------------------------------------+------------------------+----------------------+
                                                                                         
+-----------------------------------------------------------------------------------------+
| Processes:                                                                              |
|  GPU   GI   CI              PID   Type   Process name                        GPU Memory |
|        ID   ID                                                               Usage      |
|=========================================================================================|
|  No running processes found                                                             |
+-----------------------------------------------------------------------------------------+
[DEBUG] skip_channels list: [64, 64, 64, 128, 128, 128, 128, 128, 128]
[DEBUG] Number of skip connections: 9
[DEBUG] Number of up blocks: 9
TRAINING: First batch class labels: [[0.12343152]
 [0.5085749 ]
 [0.16328472]
 [0.74970543]
 [0.2817506 ]
 [0.8898947 ]
 [0.50515914]
 [0.6161234 ]
 [0.64006406]
 [0.8635605 ]]
VALIDATION: First batch class labels: [[0.64164495]
 [0.61994433]
 [0.20099342]
 [0.54691553]
 [0.43755272]
 [0.8164619 ]
 [0.9064526 ]
 [0.77439183]
 [0.8396307 ]
 [0.1731052 ]]
