Thu Jul 31 16:11:58 2025       
+-----------------------------------------------------------------------------------------+
| NVIDIA-SMI 575.57.08              Driver Version: 575.57.08      CUDA Version: 12.9     |
|-----------------------------------------+------------------------+----------------------+
| GPU  Name                 Persistence-M | Bus-Id          Disp.A | Volatile Uncorr. ECC |
| Fan  Temp   Perf          Pwr:Usage/Cap |           Memory-Usage | GPU-Util  Compute M. |
|                                         |                        |               MIG M. |
|=========================================+========================+======================|
|   0  NVIDIA A100 80GB PCIe          On  |   00000000:65:00.0 Off |                    0 |
| N/A   33C    P0             54W /  300W |       0MiB /  81920MiB |      0%      Default |
|                                         |                        |             Disabled |
+-----------------------------------------+------------------------+----------------------+
                                                                                         
+-----------------------------------------------------------------------------------------+
| Processes:                                                                              |
|  GPU   GI   CI              PID   Type   Process name                        GPU Memory |
|        ID   ID                                                               Usage      |
|=========================================================================================|
|  No running processes found                                                             |
+-----------------------------------------------------------------------------------------+
[DEBUG] skip_channels list: [512, 512, 512, 512, 512, 1024, 1024, 1024, 1024, 1024, 2048, 2048, 2048, 2048, 2048]
[DEBUG] Number of skip connections: 15
[DEBUG] Number of up blocks: 15
TRAINING: First batch class labels: [[0.43432143]
 [0.8477444 ]
 [0.38969108]
 [0.8459898 ]
 [0.62527704]
 [0.4564992 ]
 [0.2558786 ]
 [0.6052447 ]
 [0.14090283]
 [0.23140578]]
