Wed Jul 30 22:41:03 2025       
+-----------------------------------------------------------------------------------------+
| NVIDIA-SMI 575.57.08              Driver Version: 575.57.08      CUDA Version: 12.9     |
|-----------------------------------------+------------------------+----------------------+
| GPU  Name                 Persistence-M | Bus-Id          Disp.A | Volatile Uncorr. ECC |
| Fan  Temp   Perf          Pwr:Usage/Cap |           Memory-Usage | GPU-Util  Compute M. |
|                                         |                        |               MIG M. |
|=========================================+========================+======================|
|   0  NVIDIA A100 80GB PCIe          On  |   00000000:E3:00.0 Off |                    0 |
| N/A   40C    P0             55W /  300W |       0MiB /  81920MiB |      0%      Default |
|                                         |                        |             Disabled |
+-----------------------------------------+------------------------+----------------------+
                                                                                         
+-----------------------------------------------------------------------------------------+
| Processes:                                                                              |
|  GPU   GI   CI              PID   Type   Process name                        GPU Memory |
|        ID   ID                                                               Usage      |
|=========================================================================================|
|  No running processes found                                                             |
+-----------------------------------------------------------------------------------------+
[DEBUG] skip_channels list: [512, 512, 512, 512, 512, 1024, 1024, 1024, 1024, 1024, 2048, 2048, 2048, 2048, 2048]
[DEBUG] Number of skip connections: 15
[DEBUG] Number of up blocks: 15
TRAINING: First batch class labels: [[0.7746534 ]
 [0.94906145]
 [0.61195564]
 [0.05964742]
 [0.05575168]
 [0.12512055]
 [0.6749872 ]
 [0.66800237]
 [0.6484861 ]
 [0.6651166 ]]
VALIDATION: First batch class labels: [[0.9827294 ]
 [0.825567  ]
 [0.6068941 ]
 [0.14954798]
 [0.05071507]
 [0.4099632 ]
 [0.20632789]
 [0.13240838]
 [0.35800347]
 [0.20734544]]
