Sun Aug 24 18:43:50 2025       
+-----------------------------------------------------------------------------------------+
| NVIDIA-SMI 580.65.06              Driver Version: 580.65.06      CUDA Version: 13.0     |
+-----------------------------------------+------------------------+----------------------+
| GPU  Name                 Persistence-M | Bus-Id          Disp.A | Volatile Uncorr. ECC |
| Fan  Temp   Perf          Pwr:Usage/Cap |           Memory-Usage | GPU-Util  Compute M. |
|                                         |                        |               MIG M. |
|=========================================+========================+======================|
|   0  NVIDIA A100-PCIE-40GB          On  |   00000000:21:00.0 Off |                    0 |
| N/A   37C    P0             35W /  250W |       0MiB /  40960MiB |      0%      Default |
|                                         |                        |             Disabled |
+-----------------------------------------+------------------------+----------------------+

+-----------------------------------------------------------------------------------------+
| Processes:                                                                              |
|  GPU   GI   CI              PID   Type   Process name                        GPU Memory |
|        ID   ID                                                               Usage      |
|=========================================================================================|
|  No running processes found                                                             |
+-----------------------------------------------------------------------------------------+
TRAINING: First batch class labels: [[0.20007847]
 [0.14801556]
 [0.9361162 ]
 [0.60695887]
 [0.17904839]
 [0.8395647 ]
 [0.52491564]
 [0.610353  ]
 [0.20240092]
 [0.16472535]]
VALIDATION: First batch class labels: [[0.36730015]
 [0.21871491]
 [0.44816452]
 [0.2716544 ]
 [0.17490669]
 [0.27304792]
 [0.7093719 ]
 [0.23351723]
 [0.4267818 ]
 [0.5443017 ]]
