Sun Aug 24 04:17:09 2025       
+-----------------------------------------------------------------------------------------+
| NVIDIA-SMI 580.65.06              Driver Version: 580.65.06      CUDA Version: 13.0     |
+-----------------------------------------+------------------------+----------------------+
| GPU  Name                 Persistence-M | Bus-Id          Disp.A | Volatile Uncorr. ECC |
| Fan  Temp   Perf          Pwr:Usage/Cap |           Memory-Usage | GPU-Util  Compute M. |
|                                         |                        |               MIG M. |
|=========================================+========================+======================|
|   0  NVIDIA A100-PCIE-40GB          On  |   00000000:81:00.0 Off |                    0 |
| N/A   31C    P0             35W /  250W |       0MiB /  40960MiB |      0%      Default |
|                                         |                        |             Disabled |
+-----------------------------------------+------------------------+----------------------+

+-----------------------------------------------------------------------------------------+
| Processes:                                                                              |
|  GPU   GI   CI              PID   Type   Process name                        GPU Memory |
|        ID   ID                                                               Usage      |
|=========================================================================================|
|  No running processes found                                                             |
+-----------------------------------------------------------------------------------------+
TRAINING: First batch class labels: [[0.04885156]
 [0.6335829 ]
 [0.1261415 ]
 [0.8944365 ]
 [0.10975416]
 [0.5260912 ]
 [0.12146227]
 [0.00254164]
 [0.02058972]
 [0.7177823 ]]
VALIDATION: First batch class labels: [[0.5142725 ]
 [0.30427814]
 [0.7512301 ]
 [0.659286  ]
 [0.6225238 ]
 [0.10440698]
 [0.4603351 ]
 [0.23184614]
 [0.8702151 ]
 [0.43049386]]
